<?xml version="1.0" encoding="UTF-8"?>
<!-- Generated by org.testng.reporters.JUnitReportReporter -->
<testsuite hostname="INHYDLP1452" failures="0" tests="1" name="SignUpFunction" time="3.767" errors="0" timestamp="2021-11-09T22:27:37 IST" skipped="0">
  <testcase classname="SignUpFunction" name="testSignUpFunction" time="3.767"/>
  <system-out/>
</testsuite> <!-- SignUpFunction -->
